<?xml version="1.0" encoding="UTF-8"?>
<robot generator="Robot 6.0.2 (Python 3.10.4 on win32)" generated="20230125 14:46:39.687" rpa="false" schemaversion="3">
<suite id="s1" name="Add Employee Test" source="C:\orange_automation\2__employee_suite\01__add_employee_test.robot">
<test id="s1-t1" name="Add Valid Employee Test" line="11">
<kw name="Launch Browser And Navigate To Url" library="common_functionalities" type="SETUP">
<kw name="Open Browser" library="SeleniumLibrary">
<arg>browser=${BROWSER_NAME}</arg>
<doc>Opens a new browser instance to the optional ``url``.</doc>
<msg timestamp="20230125 14:46:40.066" level="INFO">Opening browser 'chrome' to base url 'None'.</msg>
<status status="PASS" starttime="20230125 14:46:40.066" endtime="20230125 14:46:42.201"/>
</kw>
<kw name="Maximize Browser Window" library="SeleniumLibrary">
<doc>Maximizes current browser window.</doc>
<status status="PASS" starttime="20230125 14:46:42.201" endtime="20230125 14:46:42.332"/>
</kw>
<kw name="Set Selenium Implicit Wait" library="SeleniumLibrary">
<arg>20s</arg>
<doc>Sets the implicit wait value used by Selenium.</doc>
<status status="PASS" starttime="20230125 14:46:42.333" endtime="20230125 14:46:42.337"/>
</kw>
<kw name="Go To" library="SeleniumLibrary">
<arg>url=${URL}</arg>
<doc>Navigates the current browser window to the provided ``url``.</doc>
<msg timestamp="20230125 14:46:42.338" level="INFO">Opening url 'https://opensource-demo.orangehrmlive.com/'</msg>
<status status="PASS" starttime="20230125 14:46:42.337" endtime="20230125 14:47:50.462"/>
</kw>
<status status="PASS" starttime="20230125 14:46:40.065" endtime="20230125 14:47:50.462"/>
</kw>
<kw name="Input Text" library="SeleniumLibrary">
<arg>name=username</arg>
<arg>Admin</arg>
<doc>Types the given ``text`` into the text field identified by ``locator``.</doc>
<msg timestamp="20230125 14:47:50.464" level="INFO">Typing text 'Admin' into text field 'name=username'.</msg>
<status status="PASS" starttime="20230125 14:47:50.463" endtime="20230125 14:48:00.283"/>
</kw>
<kw name="Input Password" library="SeleniumLibrary">
<arg>name=password</arg>
<arg>admin123</arg>
<doc>Types the given password into the text field identified by ``locator``.</doc>
<msg timestamp="20230125 14:48:00.285" level="INFO">Typing password into text field 'name=password'.</msg>
<msg timestamp="20230125 14:48:00.337" level="INFO">Temporally setting log level to: NONE</msg>
<msg timestamp="20230125 14:48:00.422" level="INFO">Log level changed from NONE to INFO.</msg>
<status status="PASS" starttime="20230125 14:48:00.284" endtime="20230125 14:48:00.422"/>
</kw>
<kw name="Click Element" library="SeleniumLibrary">
<arg>xpath=//button[normalize-space()='Login']</arg>
<doc>Click the element identified by ``locator``.</doc>
<msg timestamp="20230125 14:48:00.423" level="INFO">Clicking element 'xpath=//button[normalize-space()='Login']'.</msg>
<status status="PASS" starttime="20230125 14:48:00.422" endtime="20230125 14:48:00.491"/>
</kw>
<kw name="Click Element" library="SeleniumLibrary">
<arg>xpath=//span[text()='PIM']</arg>
<doc>Click the element identified by ``locator``.</doc>
<msg timestamp="20230125 14:48:00.494" level="INFO">Clicking element 'xpath=//span[text()='PIM']'.</msg>
<status status="PASS" starttime="20230125 14:48:00.492" endtime="20230125 14:48:19.559"/>
</kw>
<kw name="Click Element" library="SeleniumLibrary">
<arg>link=Add Employee</arg>
<doc>Click the element identified by ``locator``.</doc>
<msg timestamp="20230125 14:48:19.561" level="INFO">Clicking element 'link=Add Employee'.</msg>
<status status="PASS" starttime="20230125 14:48:19.559" endtime="20230125 14:48:28.369"/>
</kw>
<kw name="Input Text" library="SeleniumLibrary">
<arg>name=firstName</arg>
<arg>John</arg>
<doc>Types the given ``text`` into the text field identified by ``locator``.</doc>
<msg timestamp="20230125 14:48:28.372" level="INFO">Typing text 'John' into text field 'name=firstName'.</msg>
<status status="PASS" starttime="20230125 14:48:28.370" endtime="20230125 14:48:28.966"/>
</kw>
<kw name="Input Text" library="SeleniumLibrary">
<arg>name=middleName</arg>
<arg>j</arg>
<doc>Types the given ``text`` into the text field identified by ``locator``.</doc>
<msg timestamp="20230125 14:48:28.967" level="INFO">Typing text 'j' into text field 'name=middleName'.</msg>
<status status="PASS" starttime="20230125 14:48:28.966" endtime="20230125 14:48:29.083"/>
</kw>
<kw name="Input Text" library="SeleniumLibrary">
<arg>name=lastName</arg>
<arg>ken</arg>
<doc>Types the given ``text`` into the text field identified by ``locator``.</doc>
<msg timestamp="20230125 14:48:29.086" level="INFO">Typing text 'ken' into text field 'name=lastName'.</msg>
<status status="PASS" starttime="20230125 14:48:29.084" endtime="20230125 14:48:29.213"/>
</kw>
<kw name="Click Element" library="SeleniumLibrary">
<arg>xpath=//button[normalize-space()='Save']</arg>
<doc>Click the element identified by ``locator``.</doc>
<msg timestamp="20230125 14:48:29.215" level="INFO">Clicking element 'xpath=//button[normalize-space()='Save']'.</msg>
<status status="PASS" starttime="20230125 14:48:29.213" endtime="20230125 14:48:29.854"/>
</kw>
<kw name="Element Should Contain" library="SeleniumLibrary">
<arg>xpath=//h6[text()='John ken']</arg>
<arg>John ken</arg>
<doc>Verifies that element ``locator`` contains text ``expected``.</doc>
<msg timestamp="20230125 14:48:38.266" level="INFO">Element 'xpath=//h6[text()='John ken']' contains text 'John ken'.</msg>
<status status="PASS" starttime="20230125 14:48:29.854" endtime="20230125 14:48:38.267"/>
</kw>
<kw name="Element Should Contain" library="SeleniumLibrary">
<arg>xpath=//input[contains(@text,'firstName']</arg>
<arg>John</arg>
<doc>Verifies that element ``locator`` contains text ``expected``.</doc>
<msg timestamp="20230125 14:48:38.554" level="INFO" html="true">&lt;/td&gt;&lt;/tr&gt;&lt;tr&gt;&lt;td colspan="3"&gt;&lt;a href="selenium-screenshot-2.png"&gt;&lt;img src="selenium-screenshot-2.png" width="800px"&gt;&lt;/a&gt;</msg>
<msg timestamp="20230125 14:48:38.555" level="FAIL">InvalidSelectorException: Message: invalid selector: Unable to locate an element with the xpath expression //input[contains(@text,'firstName'] because of the following error:
SyntaxError: Failed to execute 'evaluate' on 'Document': The string '//input[contains(@text,'firstName']' is not a valid XPath expression.
  (Session info: chrome=109.0.5414.76)
Stacktrace:
Backtrace:
	(No symbol) [0x00576643]
	(No symbol) [0x0050BE21]
	(No symbol) [0x0040DA9D]
	(No symbol) [0x004109E4]
	(No symbol) [0x004108AD]
	(No symbol) [0x00410B30]
	(No symbol) [0x00440FAC]
	(No symbol) [0x0044147B]
	(No symbol) [0x00478DFC]
	(No symbol) [0x0045FDC4]
	(No symbol) [0x00476B09]
	(No symbol) [0x0045FB76]
	(No symbol) [0x004349C1]
	(No symbol) [0x00435E5D]
	GetHandleVerifier [0x007EA142+2497106]
	GetHandleVerifier [0x008185D3+2686691]
	GetHandleVerifier [0x0081BB9C+2700460]
	GetHandleVerifier [0x00623B10+635936]
	(No symbol) [0x00514A1F]
	(No symbol) [0x0051A418]
	(No symbol) [0x0051A505]
	(No symbol) [0x0052508B]
	BaseThreadInitThunk [0x777BFEF9+25]
	RtlGetAppContainerNamedObjectPath [0x77907BBE+286]
	RtlGetAppContainerNamedObjectPath [0x77907B8E+238]
</msg>
<status status="FAIL" starttime="20230125 14:48:38.267" endtime="20230125 14:48:38.568"/>
</kw>
<kw name="Sleep" library="BuiltIn">
<arg>5s</arg>
<doc>Pauses the test executed for the given time.</doc>
<status status="NOT RUN" starttime="20230125 14:48:38.569" endtime="20230125 14:48:38.570"/>
</kw>
<kw name="Close Browser" library="SeleniumLibrary" type="TEARDOWN">
<doc>Closes the current browser.</doc>
<status status="PASS" starttime="20230125 14:48:38.571" endtime="20230125 14:48:40.865"/>
</kw>
<status status="FAIL" starttime="20230125 14:46:40.065" endtime="20230125 14:48:40.866">InvalidSelectorException: Message: invalid selector: Unable to locate an element with the xpath expression //input[contains(@text,'firstName'] because of the following error:
SyntaxError: Failed to execute 'evaluate' on 'Document': The string '//input[contains(@text,'firstName']' is not a valid XPath expression.
  (Session info: chrome=109.0.5414.76)
Stacktrace:
Backtrace:
	(No symbol) [0x00576643]
	(No symbol) [0x0050BE21]
	(No symbol) [0x0040DA9D]
	(No symbol) [0x004109E4]
	(No symbol) [0x004108AD]
	(No symbol) [0x00410B30]
	(No symbol) [0x00440FAC]
	(No symbol) [0x0044147B]
	(No symbol) [0x00478DFC]
	(No symbol) [0x0045FDC4]
	(No symbol) [0x00476B09]
	(No symbol) [0x0045FB76]
	(No symbol) [0x004349C1]
	(No symbol) [0x00435E5D]
	GetHandleVerifier [0x007EA142+2497106]
	GetHandleVerifier [0x008185D3+2686691]
	GetHandleVerifier [0x0081BB9C+2700460]
	GetHandleVerifier [0x00623B10+635936]
	(No symbol) [0x00514A1F]
	(No symbol) [0x0051A418]
	(No symbol) [0x0051A505]
	(No symbol) [0x0052508B]
	BaseThreadInitThunk [0x777BFEF9+25]
	RtlGetAppContainerNamedObjectPath [0x77907BBE+286]
	RtlGetAppContainerNamedObjectPath [0x77907B8E+238]
</status>
</test>
<doc>This file contains test cases for add valid emplooyee
records</doc>
<status status="FAIL" starttime="20230125 14:46:39.690" endtime="20230125 14:48:40.869"/>
</suite>
<statistics>
<total>
<stat pass="0" fail="1" skip="0">All Tests</stat>
</total>
<tag>
</tag>
<suite>
<stat pass="0" fail="1" skip="0" id="s1" name="Add Employee Test">Add Employee Test</stat>
</suite>
</statistics>
<errors>
</errors>
</robot>
